  ____                  _            
 / ___|  ___ ___  _   _| |_ ___ _ __ 
 \___ \ / __/   \| | | | __/ _ \ '__|
  ___) | (_| (+) | |_| | ||  __/ |   
 |____/ \___\___/ \__,_|\__\___|_|                                      
 Open Source S/W Performance Monitoring  
 Scouter version 1.8.0
 
System JRE version : 1.8.0_151
java.io.EOFException
	at java.io.DataInputStream.readByte(DataInputStream.java:267)
	at scouter.io.DataInputX.readByte(DataInputX.java:293)
	at scouter.server.netio.service.net.TcpAgentWorker.readByte(TcpAgentWorker.scala:61)
	at scouter.server.netio.AgentCall$.call(AgentCall.scala:52)
	at scouter.server.netio.service.handle.ConfigureService.listConfigureWas(ConfigureService.scala:100)
	at sun.reflect.NativeMethodAccessorImpl.invoke0(Native Method)
	at sun.reflect.NativeMethodAccessorImpl.invoke(NativeMethodAccessorImpl.java:62)
	at sun.reflect.DelegatingMethodAccessorImpl.invoke(DelegatingMethodAccessorImpl.java:43)
	at java.lang.reflect.Method.invoke(Method.java:498)
	at scouter.server.netio.service.ServiceHandlingProxy$Invocation.exec(ServiceHandlingProxy.java:42)
	at scouter.server.netio.service.ServiceHandlingProxy.process(ServiceHandlingProxy.java:101)
	at scouter.server.netio.service.net.ServiceWorker.run(TcpServiceWorker.scala:126)
	at java.util.concurrent.ThreadPoolExecutor.runWorker(ThreadPoolExecutor.java:1149)
	at java.util.concurrent.ThreadPoolExecutor$Worker.run(ThreadPoolExecutor.java:624)
	at java.lang.Thread.run(Thread.java:748)
